{"/Users/softdev/Documents/test projects/todo/src/components/Icon/index.tsx": {"path":"/Users/softdev/Documents/test projects/todo/src/components/Icon/index.tsx","statementMap":{"0":{"start":{"line":8,"column":16},"end":{"line":8,"column":68}},"1":{"start":{"line":16,"column":13},"end":{"line":25,"column":1}},"2":{"start":{"line":17,"column":2},"end":{"line":24,"column":4}},"3":{"start":{"line":27,"column":15},"end":{"line":31,"column":2}}},"fnMap":{"0":{"name":"(anonymous_0)","decl":{"start":{"line":16,"column":13},"end":{"line":16,"column":14}},"loc":{"start":{"line":16,"column":71},"end":{"line":25,"column":1}},"line":16}},"branchMap":{"0":{"loc":{"start":{"line":16,"column":22},"end":{"line":16,"column":42}},"type":"default-arg","locations":[{"start":{"line":16,"column":30},"end":{"line":16,"column":42}}],"line":16},"1":{"loc":{"start":{"line":16,"column":44},"end":{"line":16,"column":53}},"type":"default-arg","locations":[{"start":{"line":16,"column":51},"end":{"line":16,"column":53}}],"line":16}},"s":{"0":5,"1":5,"2":54,"3":5},"f":{"0":54},"b":{"0":[10],"1":[34]},"_coverageSchema":"1a1c01bbd47fc00a2c39e90264f33305004495a9","hash":"eab7030d7c263b674548a982993ce428c38c8526"}
,"/Users/softdev/Documents/test projects/todo/src/components/Layout/index.tsx": {"path":"/Users/softdev/Documents/test projects/todo/src/components/Layout/index.tsx","statementMap":{"0":{"start":{"line":13,"column":15},"end":{"line":26,"column":1}},"1":{"start":{"line":14,"column":2},"end":{"line":25,"column":4}},"2":{"start":{"line":28,"column":15},"end":{"line":53,"column":2}}},"fnMap":{"0":{"name":"(anonymous_0)","decl":{"start":{"line":13,"column":15},"end":{"line":13,"column":16}},"loc":{"start":{"line":13,"column":62},"end":{"line":26,"column":1}},"line":13}},"branchMap":{},"s":{"0":4,"1":9,"2":4},"f":{"0":9},"b":{},"_coverageSchema":"1a1c01bbd47fc00a2c39e90264f33305004495a9","hash":"a6fb9bc9483363faa04d4321638666d416c67277"}
,"/Users/softdev/Documents/test projects/todo/src/components/Tag/index.tsx": {"path":"/Users/softdev/Documents/test projects/todo/src/components/Tag/index.tsx","statementMap":{"0":{"start":{"line":9,"column":12},"end":{"line":41,"column":1}},"1":{"start":{"line":10,"column":14},"end":{"line":10,"column":16}},"2":{"start":{"line":11,"column":2},"end":{"line":22,"column":3}},"3":{"start":{"line":13,"column":6},"end":{"line":13,"column":26}},"4":{"start":{"line":14,"column":6},"end":{"line":14,"column":12}},"5":{"start":{"line":16,"column":6},"end":{"line":16,"column":26}},"6":{"start":{"line":17,"column":6},"end":{"line":17,"column":12}},"7":{"start":{"line":20,"column":6},"end":{"line":20,"column":26}},"8":{"start":{"line":21,"column":6},"end":{"line":21,"column":12}},"9":{"start":{"line":23,"column":2},"end":{"line":40,"column":4}}},"fnMap":{"0":{"name":"(anonymous_0)","decl":{"start":{"line":9,"column":12},"end":{"line":9,"column":13}},"loc":{"start":{"line":9,"column":53},"end":{"line":41,"column":1}},"line":9}},"branchMap":{"0":{"loc":{"start":{"line":11,"column":2},"end":{"line":22,"column":3}},"type":"switch","locations":[{"start":{"line":12,"column":4},"end":{"line":14,"column":12}},{"start":{"line":15,"column":4},"end":{"line":17,"column":12}},{"start":{"line":18,"column":4},"end":{"line":18,"column":16}},{"start":{"line":19,"column":4},"end":{"line":21,"column":12}}],"line":11}},"s":{"0":4,"1":21,"2":21,"3":7,"4":7,"5":7,"6":7,"7":7,"8":7,"9":21},"f":{"0":21},"b":{"0":[7,7,7,7]},"_coverageSchema":"1a1c01bbd47fc00a2c39e90264f33305004495a9","hash":"77dd47baccf2a58c07338e916340b1372aa2ef8a"}
,"/Users/softdev/Documents/test projects/todo/src/components/Task/index.tsx": {"path":"/Users/softdev/Documents/test projects/todo/src/components/Task/index.tsx","statementMap":{"0":{"start":{"line":21,"column":13},"end":{"line":51,"column":1}},"1":{"start":{"line":22,"column":2},"end":{"line":50,"column":4}},"2":{"start":{"line":36,"column":41},"end":{"line":36,"column":53}},"3":{"start":{"line":46,"column":27},"end":{"line":46,"column":53}},"4":{"start":{"line":53,"column":15},"end":{"line":79,"column":2}}},"fnMap":{"0":{"name":"(anonymous_0)","decl":{"start":{"line":21,"column":13},"end":{"line":21,"column":14}},"loc":{"start":{"line":21,"column":89},"end":{"line":51,"column":1}},"line":21},"1":{"name":"(anonymous_1)","decl":{"start":{"line":36,"column":35},"end":{"line":36,"column":36}},"loc":{"start":{"line":36,"column":41},"end":{"line":36,"column":53}},"line":36},"2":{"name":"(anonymous_2)","decl":{"start":{"line":46,"column":20},"end":{"line":46,"column":21}},"loc":{"start":{"line":46,"column":27},"end":{"line":46,"column":53}},"line":46}},"branchMap":{"0":{"loc":{"start":{"line":21,"column":54},"end":{"line":21,"column":71}},"type":"default-arg","locations":[{"start":{"line":21,"column":67},"end":{"line":21,"column":71}}],"line":21},"1":{"loc":{"start":{"line":26,"column":11},"end":{"line":28,"column":11}},"type":"binary-expr","locations":[{"start":{"line":26,"column":11},"end":{"line":26,"column":23}},{"start":{"line":27,"column":12},"end":{"line":27,"column":47}}],"line":26},"2":{"loc":{"start":{"line":30,"column":32},"end":{"line":30,"column":67}},"type":"cond-expr","locations":[{"start":{"line":30,"column":44},"end":{"line":30,"column":58}},{"start":{"line":30,"column":61},"end":{"line":30,"column":67}}],"line":30},"3":{"loc":{"start":{"line":38,"column":18},"end":{"line":38,"column":66}},"type":"cond-expr","locations":[{"start":{"line":38,"column":30},"end":{"line":38,"column":48}},{"start":{"line":38,"column":51},"end":{"line":38,"column":66}}],"line":38},"4":{"loc":{"start":{"line":39,"column":19},"end":{"line":39,"column":62}},"type":"cond-expr","locations":[{"start":{"line":39,"column":31},"end":{"line":39,"column":47}},{"start":{"line":39,"column":50},"end":{"line":39,"column":62}}],"line":39},"5":{"loc":{"start":{"line":44,"column":7},"end":{"line":48,"column":7}},"type":"binary-expr","locations":[{"start":{"line":44,"column":7},"end":{"line":44,"column":28}},{"start":{"line":45,"column":8},"end":{"line":47,"column":17}}],"line":44}},"s":{"0":3,"1":11,"2":1,"3":18,"4":3},"f":{"0":11,"1":1,"2":18},"b":{"0":[2],"1":[11,8],"2":[4,7],"3":[4,7],"4":[4,7],"5":[11,6]},"_coverageSchema":"1a1c01bbd47fc00a2c39e90264f33305004495a9","hash":"f56af2faf67f87569141a9b41dbbb8ce9edd77d7"}
,"/Users/softdev/Documents/test projects/todo/src/routes/index.tsx": {"path":"/Users/softdev/Documents/test projects/todo/src/routes/index.tsx","statementMap":{"0":{"start":{"line":11,"column":19},"end":{"line":11,"column":45}},"1":{"start":{"line":13,"column":15},"end":{"line":55,"column":1}},"2":{"start":{"line":14,"column":2},"end":{"line":54,"column":4}},"3":{"start":{"line":16,"column":37},"end":{"line":46,"column":7}},"4":{"start":{"line":22,"column":10},"end":{"line":36,"column":11}},"5":{"start":{"line":24,"column":14},"end":{"line":24,"column":47}},"6":{"start":{"line":25,"column":14},"end":{"line":25,"column":20}},"7":{"start":{"line":27,"column":14},"end":{"line":27,"column":49}},"8":{"start":{"line":28,"column":14},"end":{"line":28,"column":20}},"9":{"start":{"line":30,"column":14},"end":{"line":30,"column":46}},"10":{"start":{"line":31,"column":14},"end":{"line":31,"column":20}},"11":{"start":{"line":34,"column":14},"end":{"line":34,"column":45}},"12":{"start":{"line":35,"column":14},"end":{"line":35,"column":20}},"13":{"start":{"line":37,"column":10},"end":{"line":37,"column":56}},"14":{"start":{"line":40,"column":10},"end":{"line":40,"column":86}}},"fnMap":{"0":{"name":"(anonymous_0)","decl":{"start":{"line":13,"column":15},"end":{"line":13,"column":16}},"loc":{"start":{"line":13,"column":47},"end":{"line":55,"column":1}},"line":13},"1":{"name":"(anonymous_1)","decl":{"start":{"line":16,"column":21},"end":{"line":16,"column":22}},"loc":{"start":{"line":16,"column":37},"end":{"line":46,"column":7}},"line":16},"2":{"name":"(anonymous_2)","decl":{"start":{"line":20,"column":20},"end":{"line":20,"column":21}},"loc":{"start":{"line":20,"column":35},"end":{"line":38,"column":9}},"line":20},"3":{"name":"(anonymous_3)","decl":{"start":{"line":39,"column":21},"end":{"line":39,"column":22}},"loc":{"start":{"line":39,"column":36},"end":{"line":41,"column":9}},"line":39}},"branchMap":{"0":{"loc":{"start":{"line":13,"column":18},"end":{"line":13,"column":40}},"type":"default-arg","locations":[{"start":{"line":13,"column":33},"end":{"line":13,"column":40}}],"line":13},"1":{"loc":{"start":{"line":22,"column":10},"end":{"line":36,"column":11}},"type":"switch","locations":[{"start":{"line":23,"column":12},"end":{"line":25,"column":20}},{"start":{"line":26,"column":12},"end":{"line":28,"column":20}},{"start":{"line":29,"column":12},"end":{"line":31,"column":20}},{"start":{"line":32,"column":12},"end":{"line":32,"column":25}},{"start":{"line":33,"column":12},"end":{"line":35,"column":20}}],"line":22}},"s":{"0":1,"1":1,"2":4,"3":16,"4":32,"5":8,"6":8,"7":8,"8":8,"9":8,"10":8,"11":8,"12":8,"13":32,"14":16},"f":{"0":4,"1":16,"2":32,"3":16},"b":{"0":[1],"1":[8,8,8,8,8]},"_coverageSchema":"1a1c01bbd47fc00a2c39e90264f33305004495a9","hash":"dfb31d2bfee00d6389d61032e1e327f8cdf00983"}
,"/Users/softdev/Documents/test projects/todo/src/routes/EmptyScreen/index.tsx": {"path":"/Users/softdev/Documents/test projects/todo/src/routes/EmptyScreen/index.tsx","statementMap":{"0":{"start":{"line":7,"column":20},"end":{"line":14,"column":1}},"1":{"start":{"line":8,"column":2},"end":{"line":13,"column":4}}},"fnMap":{"0":{"name":"(anonymous_0)","decl":{"start":{"line":7,"column":20},"end":{"line":7,"column":21}},"loc":{"start":{"line":7,"column":26},"end":{"line":14,"column":1}},"line":7}},"branchMap":{},"s":{"0":2,"1":4},"f":{"0":4},"b":{},"_coverageSchema":"1a1c01bbd47fc00a2c39e90264f33305004495a9","hash":"ddd85d9a925e108512fb89af84e6b4157c4b5179"}
,"/Users/softdev/Documents/test projects/todo/src/routes/ToDoScreen/index.tsx": {"path":"/Users/softdev/Documents/test projects/todo/src/routes/ToDoScreen/index.tsx","statementMap":{"0":{"start":{"line":15,"column":19},"end":{"line":57,"column":1}},"1":{"start":{"line":16,"column":38},"end":{"line":16,"column":63}},"2":{"start":{"line":17,"column":54},"end":{"line":35,"column":4}},"3":{"start":{"line":22,"column":28},"end":{"line":22,"column":85}},"4":{"start":{"line":23,"column":23},"end":{"line":29,"column":8}},"5":{"start":{"line":24,"column":8},"end":{"line":28,"column":9}},"6":{"start":{"line":25,"column":10},"end":{"line":25,"column":49}},"7":{"start":{"line":27,"column":10},"end":{"line":27,"column":19}},"8":{"start":{"line":30,"column":6},"end":{"line":33,"column":9}},"9":{"start":{"line":36,"column":18},"end":{"line":36,"column":40}},"10":{"start":{"line":37,"column":2},"end":{"line":56,"column":4}},"11":{"start":{"line":53,"column":8},"end":{"line":53,"column":108}},"12":{"start":{"line":53,"column":56},"end":{"line":53,"column":104}}},"fnMap":{"0":{"name":"(anonymous_0)","decl":{"start":{"line":15,"column":19},"end":{"line":15,"column":20}},"loc":{"start":{"line":15,"column":25},"end":{"line":57,"column":1}},"line":15},"1":{"name":"(anonymous_1)","decl":{"start":{"line":21,"column":12},"end":{"line":21,"column":13}},"loc":{"start":{"line":21,"column":43},"end":{"line":34,"column":5}},"line":21},"2":{"name":"(anonymous_2)","decl":{"start":{"line":23,"column":47},"end":{"line":23,"column":48}},"loc":{"start":{"line":23,"column":52},"end":{"line":29,"column":7}},"line":23},"3":{"name":"(anonymous_3)","decl":{"start":{"line":52,"column":24},"end":{"line":52,"column":25}},"loc":{"start":{"line":53,"column":8},"end":{"line":53,"column":108}},"line":53},"4":{"name":"(anonymous_4)","decl":{"start":{"line":53,"column":50},"end":{"line":53,"column":51}},"loc":{"start":{"line":53,"column":56},"end":{"line":53,"column":104}},"line":53}},"branchMap":{"0":{"loc":{"start":{"line":24,"column":8},"end":{"line":28,"column":9}},"type":"if","locations":[{"start":{"line":24,"column":8},"end":{"line":28,"column":9}},{"start":{"line":26,"column":15},"end":{"line":28,"column":9}}],"line":24},"1":{"loc":{"start":{"line":36,"column":18},"end":{"line":36,"column":40}},"type":"binary-expr","locations":[{"start":{"line":36,"column":18},"end":{"line":36,"column":26}},{"start":{"line":36,"column":30},"end":{"line":36,"column":40}}],"line":36},"2":{"loc":{"start":{"line":51,"column":7},"end":{"line":51,"column":52}},"type":"binary-expr","locations":[{"start":{"line":51,"column":7},"end":{"line":51,"column":14}},{"start":{"line":51,"column":18},"end":{"line":51,"column":52}}],"line":51}},"s":{"0":2,"1":4,"2":4,"3":1,"4":1,"5":4,"6":1,"7":3,"8":1,"9":4,"10":4,"11":8,"12":1},"f":{"0":4,"1":1,"2":4,"3":8,"4":1},"b":{"0":[1,3],"1":[4,2],"2":[4,2]},"_coverageSchema":"1a1c01bbd47fc00a2c39e90264f33305004495a9","hash":"56290283eb8cda0aab2bd5019505fff5402a1aa5"}
,"/Users/softdev/Documents/test projects/todo/src/tests/index.tsx": {"path":"/Users/softdev/Documents/test projects/todo/src/tests/index.tsx","statementMap":{"0":{"start":{"line":11,"column":23},"end":{"line":34,"column":1}},"1":{"start":{"line":12,"column":2},"end":{"line":33,"column":19}},"2":{"start":{"line":36,"column":22},"end":{"line":40,"column":1}},"3":{"start":{"line":37,"column":2},"end":{"line":39,"column":4}}},"fnMap":{"0":{"name":"(anonymous_0)","decl":{"start":{"line":11,"column":23},"end":{"line":11,"column":24}},"loc":{"start":{"line":12,"column":2},"end":{"line":33,"column":19}},"line":12},"1":{"name":"(anonymous_1)","decl":{"start":{"line":36,"column":22},"end":{"line":36,"column":23}},"loc":{"start":{"line":36,"column":47},"end":{"line":40,"column":1}},"line":36}},"branchMap":{},"s":{"0":6,"1":13,"2":6,"3":13},"f":{"0":13,"1":13},"b":{},"_coverageSchema":"1a1c01bbd47fc00a2c39e90264f33305004495a9","hash":"f57c0224b3467d59948380ef3bb670eb18b15038"}
}
