TN:
SF:src/components/Icon/index.tsx
FN:16,(anonymous_0)
FNF:1
FNH:1
FNDA:54,(anonymous_0)
DA:8,5
DA:16,5
DA:17,54
DA:27,5
LF:4
LH:4
BRDA:16,0,0,10
BRDA:16,1,0,34
BRF:2
BRH:2
end_of_record
TN:
SF:src/components/Layout/index.tsx
FN:13,(anonymous_0)
FNF:1
FNH:1
FNDA:9,(anonymous_0)
DA:13,4
DA:14,9
DA:28,4
LF:3
LH:3
BRF:0
BRH:0
end_of_record
TN:
SF:src/components/Tag/index.tsx
FN:9,(anonymous_0)
FNF:1
FNH:1
FNDA:21,(anonymous_0)
DA:9,4
DA:10,21
DA:11,21
DA:13,7
DA:14,7
DA:16,7
DA:17,7
DA:20,7
DA:21,7
DA:23,21
LF:10
LH:10
BRDA:11,0,0,7
BRDA:11,0,1,7
BRDA:11,0,2,7
BRDA:11,0,3,7
BRF:4
BRH:4
end_of_record
TN:
SF:src/components/Task/index.tsx
FN:21,(anonymous_0)
FN:36,(anonymous_1)
FN:46,(anonymous_2)
FNF:3
FNH:3
FNDA:11,(anonymous_0)
FNDA:1,(anonymous_1)
FNDA:18,(anonymous_2)
DA:21,3
DA:22,11
DA:36,1
DA:46,18
DA:53,3
LF:5
LH:5
BRDA:21,0,0,2
BRDA:26,1,0,11
BRDA:26,1,1,8
BRDA:30,2,0,4
BRDA:30,2,1,7
BRDA:38,3,0,4
BRDA:38,3,1,7
BRDA:39,4,0,4
BRDA:39,4,1,7
BRDA:44,5,0,11
BRDA:44,5,1,6
BRF:11
BRH:11
end_of_record
TN:
SF:src/routes/index.tsx
FN:13,(anonymous_0)
FN:16,(anonymous_1)
FN:20,(anonymous_2)
FN:39,(anonymous_3)
FNF:4
FNH:4
FNDA:4,(anonymous_0)
FNDA:16,(anonymous_1)
FNDA:32,(anonymous_2)
FNDA:16,(anonymous_3)
DA:11,1
DA:13,1
DA:14,4
DA:16,16
DA:22,32
DA:24,8
DA:25,8
DA:27,8
DA:28,8
DA:30,8
DA:31,8
DA:34,8
DA:35,8
DA:37,32
DA:40,16
LF:15
LH:15
BRDA:13,0,0,1
BRDA:22,1,0,8
BRDA:22,1,1,8
BRDA:22,1,2,8
BRDA:22,1,3,8
BRDA:22,1,4,8
BRF:6
BRH:6
end_of_record
TN:
SF:src/routes/EmptyScreen/index.tsx
FN:7,(anonymous_0)
FNF:1
FNH:1
FNDA:4,(anonymous_0)
DA:7,2
DA:8,4
LF:2
LH:2
BRF:0
BRH:0
end_of_record
TN:
SF:src/routes/ToDoScreen/index.tsx
FN:15,(anonymous_0)
FN:21,(anonymous_1)
FN:23,(anonymous_2)
FN:52,(anonymous_3)
FN:53,(anonymous_4)
FNF:5
FNH:5
FNDA:4,(anonymous_0)
FNDA:1,(anonymous_1)
FNDA:4,(anonymous_2)
FNDA:8,(anonymous_3)
FNDA:1,(anonymous_4)
DA:15,2
DA:16,4
DA:17,4
DA:22,1
DA:23,1
DA:24,4
DA:25,1
DA:27,3
DA:30,1
DA:36,4
DA:37,4
DA:53,8
LF:12
LH:12
BRDA:24,0,0,1
BRDA:24,0,1,3
BRDA:36,1,0,4
BRDA:36,1,1,2
BRDA:51,2,0,4
BRDA:51,2,1,2
BRF:6
BRH:6
end_of_record
TN:
SF:src/tests/index.tsx
FN:11,(anonymous_0)
FN:36,(anonymous_1)
FNF:2
FNH:2
FNDA:13,(anonymous_0)
FNDA:13,(anonymous_1)
DA:11,6
DA:12,13
DA:36,6
DA:37,13
LF:4
LH:4
BRF:0
BRH:0
end_of_record
